Copyright 1986-2022 Xilinx, Inc. All Rights Reserved. Copyright 2022-2023 Advanced Micro Devices, Inc. All Rights Reserved.
-------------------------------------------------------------------------------------------------------------------------------------------------------------------
| Tool Version     : Vivado v.2023.2 (win64) Build 4029153 Fri Oct 13 20:14:34 MDT 2023
| Date             : Thu Jun  6 15:32:08 2024
| Host             : Predator-Offset running 64-bit major release  (build 9200)
| Command          : report_power -file Jupyter_wrapper_power_routed.rpt -pb Jupyter_wrapper_power_summary_routed.pb -rpx Jupyter_wrapper_power_routed.rpx
| Design           : Jupyter_wrapper
| Device           : xc7z020clg484-1
| Design State     : routed
| Grade            : commercial
| Process          : typical
| Characterization : Production
-------------------------------------------------------------------------------------------------------------------------------------------------------------------

Power Report

Table of Contents
-----------------
1. Summary
1.1 On-Chip Components
1.2 Power Supply Summary
1.3 Confidence Level
2. Settings
2.1 Environment
2.2 Clock Constraints
3. Detailed Reports
3.1 By Hierarchy

1. Summary
----------

+--------------------------+--------------+
| Total On-Chip Power (W)  | 1.789        |
| Design Power Budget (W)  | Unspecified* |
| Power Budget Margin (W)  | NA           |
| Dynamic (W)              | 1.633        |
| Device Static (W)        | 0.156        |
| Effective TJA (C/W)      | 11.5         |
| Max Ambient (C)          | 64.4         |
| Junction Temperature (C) | 45.6         |
| Confidence Level         | Low          |
| Setting File             | ---          |
| Simulation Activity File | ---          |
| Design Nets Matched      | NA           |
+--------------------------+--------------+
* Specify Design Power Budget using, set_operating_conditions -design_power_budget <value in Watts>


1.1 On-Chip Components
----------------------

+--------------------------+-----------+----------+-----------+-----------------+
| On-Chip                  | Power (W) | Used     | Available | Utilization (%) |
+--------------------------+-----------+----------+-----------+-----------------+
| Clocks                   |     0.048 |        5 |       --- |             --- |
| Slice Logic              |     0.005 |    23247 |       --- |             --- |
|   LUT as Logic           |     0.005 |     7195 |     53200 |           13.52 |
|   CARRY4                 |    <0.001 |      229 |     13300 |            1.72 |
|   Register               |    <0.001 |    12124 |    106400 |           11.39 |
|   LUT as Distributed RAM |    <0.001 |       98 |     17400 |            0.56 |
|   F7/F8 Muxes            |    <0.001 |       87 |     53200 |            0.16 |
|   LUT as Shift Register  |    <0.001 |      258 |     17400 |            1.48 |
|   Others                 |     0.000 |     1050 |       --- |             --- |
| Signals                  |     0.009 |    18095 |       --- |             --- |
| Block RAM                |     0.011 |     86.5 |       140 |           61.79 |
| I/O                      |     0.025 |       21 |       200 |           10.50 |
| PS7                      |     1.535 |        1 |       --- |             --- |
| Static Power             |     0.156 |          |           |                 |
| Total                    |     1.789 |          |           |                 |
+--------------------------+-----------+----------+-----------+-----------------+


1.2 Power Supply Summary
------------------------

+-----------+-------------+-----------+-------------+------------+-------------+-------------+------------+
| Source    | Voltage (V) | Total (A) | Dynamic (A) | Static (A) | Powerup (A) | Budget (A)  | Margin (A) |
+-----------+-------------+-----------+-------------+------------+-------------+-------------+------------+
| Vccint    |       1.000 |     0.090 |       0.072 |      0.019 |       NA    | Unspecified | NA         |
| Vccaux    |       1.800 |     0.016 |       0.001 |      0.016 |       NA    | Unspecified | NA         |
| Vcco33    |       3.300 |     0.008 |       0.007 |      0.001 |       NA    | Unspecified | NA         |
| Vcco25    |       2.500 |     0.000 |       0.000 |      0.000 |       NA    | Unspecified | NA         |
| Vcco18    |       1.800 |     0.000 |       0.000 |      0.000 |       NA    | Unspecified | NA         |
| Vcco15    |       1.500 |     0.000 |       0.000 |      0.000 |       NA    | Unspecified | NA         |
| Vcco135   |       1.350 |     0.000 |       0.000 |      0.000 |       NA    | Unspecified | NA         |
| Vcco12    |       1.200 |     0.000 |       0.000 |      0.000 |       NA    | Unspecified | NA         |
| Vccaux_io |       1.800 |     0.000 |       0.000 |      0.000 |       NA    | Unspecified | NA         |
| Vccbram   |       1.000 |     0.008 |       0.001 |      0.007 |       NA    | Unspecified | NA         |
| MGTAVcc   |       1.000 |     0.000 |       0.000 |      0.000 |       NA    | Unspecified | NA         |
| MGTAVtt   |       1.200 |     0.000 |       0.000 |      0.000 |       NA    | Unspecified | NA         |
| MGTVccaux |       1.800 |     0.000 |       0.000 |      0.000 |       NA    | Unspecified | NA         |
| Vccpint   |       1.000 |     0.756 |       0.724 |      0.031 |       NA    | Unspecified | NA         |
| Vccpaux   |       1.800 |     0.061 |       0.051 |      0.010 |       NA    | Unspecified | NA         |
| Vccpll    |       1.800 |     0.017 |       0.014 |      0.003 |       NA    | Unspecified | NA         |
| Vcco_ddr  |       1.500 |     0.459 |       0.457 |      0.002 |       NA    | Unspecified | NA         |
| Vcco_mio0 |       3.300 |     0.003 |       0.002 |      0.001 |       NA    | Unspecified | NA         |
| Vcco_mio1 |       1.800 |     0.003 |       0.002 |      0.001 |       NA    | Unspecified | NA         |
| Vccadc    |       1.800 |     0.020 |       0.000 |      0.020 |       NA    | Unspecified | NA         |
+-----------+-------------+-----------+-------------+------------+-------------+-------------+------------+


1.3 Confidence Level
--------------------

+-----------------------------+------------+--------------------------------------------------------+------------------------------------------------------------------------------------------------------------+
| User Input Data             | Confidence | Details                                                | Action                                                                                                     |
+-----------------------------+------------+--------------------------------------------------------+------------------------------------------------------------------------------------------------------------+
| Design implementation state | High       | Design is routed                                       |                                                                                                            |
| Clock nodes activity        | High       | User specified more than 95% of clocks                 |                                                                                                            |
| I/O nodes activity          | Low        | More than 75% of inputs are missing user specification | Provide missing input activity with simulation results or by editing the "By Resource Type -> I/Os" view   |
| Internal nodes activity     | Medium     | User specified less than 25% of internal nodes         | Provide missing internal nodes activity with simulation results or by editing the "By Resource Type" views |
| Device models               | High       | Device models are Production                           |                                                                                                            |
|                             |            |                                                        |                                                                                                            |
| Overall confidence level    | Low        |                                                        |                                                                                                            |
+-----------------------------+------------+--------------------------------------------------------+------------------------------------------------------------------------------------------------------------+


2. Settings
-----------

2.1 Environment
---------------

+-----------------------+------------------------+
| Ambient Temp (C)      | 25.0                   |
| ThetaJA (C/W)         | 11.5                   |
| Airflow (LFM)         | 250                    |
| Heat Sink             | none                   |
| ThetaSA (C/W)         | 0.0                    |
| Board Selection       | medium (10"x10")       |
| # of Board Layers     | 8to11 (8 to 11 Layers) |
| Board Temperature (C) | 25.0                   |
+-----------------------+------------------------+


2.2 Clock Constraints
---------------------

+--------------------------------------------------------------------------------------------+-------------------------------------------------------------------+-----------------+
| Clock                                                                                      | Domain                                                            | Constraint (ns) |
+--------------------------------------------------------------------------------------------+-------------------------------------------------------------------+-----------------+
| clk_fpga_0                                                                                 | Jupyter_i/processing_system7_0/inst/FCLK_CLK_unbuffered[0]        |            10.0 |
| clk_fpga_1                                                                                 | Jupyter_i/processing_system7_0/inst/FCLK_CLK_unbuffered[1]        |            20.0 |
| dbg_hub/inst/BSCANID.u_xsdbm_id/SWITCH_N_EXT_BSCAN.bscan_inst/SERIES7_BSCAN.bscan_inst/TCK | dbg_hub/inst/BSCANID.u_xsdbm_id/SWITCH_N_EXT_BSCAN.bscan_inst/TCK |            33.0 |
+--------------------------------------------------------------------------------------------+-------------------------------------------------------------------+-----------------+


3. Detailed Reports
-------------------

3.1 By Hierarchy
----------------

+--------------------------+-----------+
| Name                     | Power (W) |
+--------------------------+-----------+
| Jupyter_wrapper          |     1.633 |
|   Jupyter_i              |     1.595 |
|     axi_dma_0            |     0.015 |
|       U0                 |     0.015 |
|     axi_interconnect_0   |     0.003 |
|       s00_couplers       |     0.003 |
|     dma_multiplexer_0    |     0.001 |
|       inst               |     0.001 |
|     fifo_generator_0     |     0.004 |
|       U0                 |     0.004 |
|     fifo_generator_1     |     0.004 |
|       U0                 |     0.004 |
|     fifo_generator_2     |     0.004 |
|       U0                 |     0.004 |
|     fifo_generator_3     |     0.004 |
|       U0                 |     0.004 |
|     main_0               |     0.003 |
|       inst               |     0.003 |
|     main_1               |     0.003 |
|       inst               |     0.003 |
|     main_2               |     0.003 |
|       inst               |     0.003 |
|     main_3               |     0.003 |
|       inst               |     0.003 |
|     processing_system7_0 |     1.536 |
|       inst               |     1.536 |
|     ps7_0_axi_periph     |     0.009 |
|       s00_couplers       |     0.004 |
|       s01_couplers       |     0.004 |
|       xbar               |     0.001 |
|   dbg_hub                |     0.003 |
|     inst                 |     0.003 |
|       BSCANID.u_xsdbm_id |     0.003 |
|   u_ila_0                |     0.011 |
|     inst                 |     0.011 |
|       ila_core_inst      |     0.011 |
+--------------------------+-----------+


